<?xml version="1.0" encoding="UTF-8"?>
<!-- Generated by org.testng.reporters.JUnitXMLReporter -->
<testsuite ignored="0" hostname="TCSs-Mac-mini.local" failures="0" tests="3" name="Test" time="34.589" errors="0" timestamp="2020-03-05T15:28:46 IST">
  <testcase classname="com.test.flipkart.OrderItem" name="openFlipkart" time="4.13"/>
  <testcase classname="com.test.flipkart.OrderItem" name="searchItem" time="6.956"/>
  <testcase classname="com.test.flipkart.OrderItem" name="buyItem" time="16.837"/>
</testsuite> <!-- Test -->
