<?xml version="1.0" encoding="UTF-8"?>
<!-- Generated by org.testng.reporters.JUnitXMLReporter -->
<testsuite ignored="0" hostname="TCSs-Mac-mini" failures="0" tests="3" name="Test" time="29.294" errors="0" timestamp="2020-03-04T16:49:51 IST">
  <testcase classname="com.test.flipkart.OrderItem" name="openFlipkart" time="6.994"/>
  <testcase classname="com.test.flipkart.OrderItem" name="searchItem" time="7.003"/>
  <testcase classname="com.test.flipkart.OrderItem" name="buyItem" time="12.478"/>
</testsuite> <!-- Test -->
