<?xml version="1.0" encoding="UTF-8"?>
<testng-results ignored="0" total="3" passed="3" failed="0" skipped="0">
  <reporter-output>
  </reporter-output>
  <suite started-at="2020-03-05T15:18:46 IST" name="Suite" finished-at="2020-03-05T15:19:15 IST" duration-ms="29120">
    <groups>
    </groups>
    <test started-at="2020-03-05T15:18:46 IST" name="Test" finished-at="2020-03-05T15:19:15 IST" duration-ms="29120">
      <class name="com.test.flipkart.OrderItem">
        <test-method is-config="true" signature="beforeclass()[pri:0, instance:com.test.flipkart.OrderItem@a5bbaec]" started-at="2020-03-05T15:18:46 IST" name="beforeclass" finished-at="2020-03-05T15:18:48 IST" duration-ms="1466" status="PASS">
          <reporter-output>
          </reporter-output>
        </test-method> <!-- beforeclass -->
        <test-method signature="openFlipkart()[pri:0, instance:com.test.flipkart.OrderItem@a5bbaec]" started-at="2020-03-05T15:18:48 IST" name="openFlipkart" finished-at="2020-03-05T15:18:52 IST" duration-ms="3720" status="PASS">
          <reporter-output>
          </reporter-output>
        </test-method> <!-- openFlipkart -->
        <test-method signature="searchItem()[pri:0, instance:com.test.flipkart.OrderItem@a5bbaec]" started-at="2020-03-05T15:18:52 IST" name="searchItem" finished-at="2020-03-05T15:18:58 IST" duration-ms="6937" status="PASS">
          <reporter-output>
          </reporter-output>
        </test-method> <!-- searchItem -->
        <test-method signature="buyItem()[pri:0, instance:com.test.flipkart.OrderItem@a5bbaec]" started-at="2020-03-05T15:18:58 IST" name="buyItem" finished-at="2020-03-05T15:19:15 IST" duration-ms="16628" status="PASS">
          <reporter-output>
          </reporter-output>
        </test-method> <!-- buyItem -->
        <test-method is-config="true" signature="afterclass()[pri:0, instance:com.test.flipkart.OrderItem@a5bbaec]" started-at="2020-03-05T15:19:15 IST" name="afterclass" finished-at="2020-03-05T15:19:15 IST" duration-ms="325" status="PASS">
          <reporter-output>
          </reporter-output>
        </test-method> <!-- afterclass -->
      </class> <!-- com.test.flipkart.OrderItem -->
    </test> <!-- Test -->
  </suite> <!-- Suite -->
</testng-results>
