<?xml version="1.0" encoding="UTF-8"?>
<testng-results ignored="0" total="3" passed="3" failed="0" skipped="0">
  <reporter-output>
  </reporter-output>
  <suite started-at="2020-03-05T15:28:07 IST" name="Suite" finished-at="2020-03-05T15:28:41 IST" duration-ms="34589">
    <groups>
    </groups>
    <test started-at="2020-03-05T15:28:07 IST" name="Test" finished-at="2020-03-05T15:28:41 IST" duration-ms="34589">
      <class name="com.test.flipkart.OrderItem">
        <test-method is-config="true" signature="beforeclass()[pri:0, instance:com.test.flipkart.OrderItem@60611244]" started-at="2020-03-05T15:28:07 IST" name="beforeclass" finished-at="2020-03-05T15:28:13 IST" duration-ms="6433" status="PASS">
          <reporter-output>
          </reporter-output>
        </test-method> <!-- beforeclass -->
        <test-method signature="openFlipkart()[pri:0, instance:com.test.flipkart.OrderItem@60611244]" started-at="2020-03-05T15:28:13 IST" name="openFlipkart" finished-at="2020-03-05T15:28:17 IST" duration-ms="4130" status="PASS">
          <reporter-output>
          </reporter-output>
        </test-method> <!-- openFlipkart -->
        <test-method signature="searchItem()[pri:0, instance:com.test.flipkart.OrderItem@60611244]" started-at="2020-03-05T15:28:17 IST" name="searchItem" finished-at="2020-03-05T15:28:24 IST" duration-ms="6956" status="PASS">
          <reporter-output>
          </reporter-output>
        </test-method> <!-- searchItem -->
        <test-method signature="buyItem()[pri:0, instance:com.test.flipkart.OrderItem@60611244]" started-at="2020-03-05T15:28:24 IST" name="buyItem" finished-at="2020-03-05T15:28:41 IST" duration-ms="16837" status="PASS">
          <reporter-output>
          </reporter-output>
        </test-method> <!-- buyItem -->
        <test-method is-config="true" signature="afterclass()[pri:0, instance:com.test.flipkart.OrderItem@60611244]" started-at="2020-03-05T15:28:41 IST" name="afterclass" finished-at="2020-03-05T15:28:41 IST" duration-ms="209" status="PASS">
          <reporter-output>
          </reporter-output>
        </test-method> <!-- afterclass -->
      </class> <!-- com.test.flipkart.OrderItem -->
    </test> <!-- Test -->
  </suite> <!-- Suite -->
</testng-results>
